#
# There is insufficient memory for the Java Runtime Environment to continue.
# Native memory allocation (mmap) failed to map 41943040 bytes for Failed to commit area from 0x000000008ac00000 to 0x000000008d400000 of length 41943040.
# Possible reasons:
#   The system is out of physical RAM or swap space
#   The process is running with CompressedOops enabled, and the Java Heap may be blocking the growth of the native heap
# Possible solutions:
#   Reduce memory load on the system
#   Increase physical memory or swap space
#   Check if swap backing store is full
#   Decrease Java heap size (-Xmx/-Xms)
#   Decrease number of Java threads
#   Decrease Java thread stack sizes (-Xss)
#   Set larger code cache with -XX:ReservedCodeCacheSize=
#   JVM is running with Unscaled Compressed Oops mode in which the Java heap is
#     placed in the first 4GB address space. The Java Heap base address is the
#     maximum limit for the native heap growth. Please use -XX:HeapBaseMinAddress
#     to set the Java Heap base and to place the Java Heap above 4GB virtual address.
# This output file may be truncated or incomplete.
#
#  Out of Memory Error (./src/hotspot/os/windows/os_windows.cpp:3301), pid=9452, tid=4596
#
# JRE version: OpenJDK Runtime Environment (11.0.10) (build 11.0.10+0-b96-7249189)
# Java VM: OpenJDK 64-Bit Server VM (11.0.10+0-b96-7249189, mixed mode, tiered, compressed oops, g1 gc, windows-amd64)
# No core dump will be written. Minidumps are not enabled by default on client versions of Windows
#

---------------  S U M M A R Y ------------

Command Line: org.jetbrains.kotlin.cli.jvm.K2JVMCompiler @C:\PrGit\PureHeartProject\app\build\20220217_6350806331527111997.compiler.options

Host: Intel(R) Core(TM) i5-4200H CPU @ 2.80GHz, 4 cores, 7G,  Windows 10 , 64 bit Build 19041 (10.0.19041.1503)
Time: Thu Feb 17 17:34:38 2022 RTZ 2 (зима) elapsed time: 14.784489 seconds (0d 0h 0m 14s)

---------------  T H R E A D  ---------------

Current thread (0x000001abaddfe800):  VMThread "VM Thread" [stack: 0x0000002047e00000,0x0000002047f00000] [id=4596]

Stack: [0x0000002047e00000,0x0000002047f00000]
[error occurred during error reporting (printing stack bounds), id 0xc0000005, EXCEPTION_ACCESS_VIOLATION (0xc0000005) at pc=0x000001ab97630f2d]

Native frames: (J=compiled Java code, j=interpreted, Vv=VM code, C=native code)
V  [jvm.dll+0x5ecfaa]
V  [jvm.dll+0x722bd5]
V  [jvm.dll+0x72412d]
V  [jvm.dll+0x724745]
V  [jvm.dll+0x7246fb]
V  [jvm.dll+0x5ec348]
V  [jvm.dll+0x5ecad8]
C  [ntdll.dll+0xa20cf]
C  [ntdll.dll+0x51454]
C  [ntdll.dll+0xa0bfe]
C  0x000001ab97630f2d

VM_Operation (0x00000020478fd330): G1CollectForAllocation, mode: safepoint, requested by thread 0x000001ab93b3a000


---------------  P R O C E S S  ---------------

Threads class SMR info:
_java_thread_list=0x000001abae9e0030, length=10, elements={
0x000001ab93b3a000, 0x000001abade29000, 0x000001abade32800, 0x000001abade48000,
0x000001abade48800, 0x000001abade4a000, 0x000001abade4f800, 0x000001abade52800,
0x000001abade5e800, 0x000001abae91e000
}

Java Threads: ( => current thread )
  0x000001ab93b3a000 JavaThread "main" [_thread_blocked, id=8528, stack(0x0000002047800000,0x0000002047900000)]
  0x000001abade29000 JavaThread "Reference Handler" daemon [_thread_blocked, id=2960, stack(0x0000002047f00000,0x0000002048000000)]
  0x000001abade32800 JavaThread "Finalizer" daemon [_thread_blocked, id=8188, stack(0x0000002048000000,0x0000002048100000)]
  0x000001abade48000 JavaThread "Signal Dispatcher" daemon [_thread_blocked, id=2440, stack(0x0000002048100000,0x0000002048200000)]
  0x000001abade48800 JavaThread "Attach Listener" daemon [_thread_blocked, id=7172, stack(0x0000002048200000,0x0000002048300000)]
  0x000001abade4a000 JavaThread "Service Thread" daemon [_thread_blocked, id=2956, stack(0x0000002048300000,0x0000002048400000)]
  0x000001abade4f800 JavaThread "C2 CompilerThread0" daemon [_thread_blocked, id=8652, stack(0x0000002048400000,0x0000002048500000)]
  0x000001abade52800 JavaThread "C1 CompilerThread0" daemon [_thread_blocked, id=9976, stack(0x0000002048500000,0x0000002048600000)]
  0x000001abade5e800 JavaThread "Sweeper thread" daemon [_thread_blocked, id=5880, stack(0x0000002048600000,0x0000002048700000)]
  0x000001abae91e000 JavaThread "Common-Cleaner" daemon [_thread_blocked, id=10184, stack(0x0000002048800000,0x0000002048900000)]

Other Threads:
=>0x000001abaddfe800 VMThread "VM Thread" [stack: 0x0000002047e00000,0x0000002047f00000] [id=4596]
  0x000001abae911000 WatcherThread [stack: 0x0000002048700000,0x0000002048800000] [id=4320]
  0x000001ab93b52800 GCTaskThread "GC Thread#0" [stack: 0x0000002047900000,0x0000002047a00000] [id=3292]
  0x000001abaed56000 GCTaskThread "GC Thread#1" [stack: 0x0000002048900000,0x0000002048a00000] [id=7004]
  0x000001abaed27800 GCTaskThread "GC Thread#2" [stack: 0x0000002048a00000,0x0000002048b00000] [id=2484]
  0x000001ab93b82000 ConcurrentGCThread "G1 Main Marker" [stack: 0x0000002047a00000,0x0000002047b00000] [id=9880]
  0x000001ab93b83800 ConcurrentGCThread "G1 Conc#0" [stack: 0x0000002047b00000,0x0000002047c00000] [id=9924]
  0x000001ab93c17000 ConcurrentGCThread "G1 Refine#0" [stack: 0x0000002047c00000,0x0000002047d00000] [id=2220]
  0x000001abb25c0800 ConcurrentGCThread "G1 Refine#1" [stack: 0x0000002048b00000,0x0000002048c00000] [id=8648]
  0x000001abb050f800 ConcurrentGCThread "G1 Refine#2" [stack: 0x0000002048c00000,0x0000002048d00000] [id=124]
  0x000001ab93c18800 ConcurrentGCThread "G1 Young RemSet Sampling" [stack: 0x0000002047d00000,0x0000002047e00000] [id=1632]

Threads with active compile tasks:
C2 CompilerThread0  14806 10051       4       org.jetbrains.kotlin.ir.util.PatchDeclarationParentsVisitor::visitValueParameter (13 bytes)

VM state:at safepoint (normal execution)

VM Mutex/Monitor currently owned by a thread:  ([mutex/lock_event])
[0x000001ab93b374b0] Threads_lock - owner thread: 0x000001abaddfe800
[0x000001ab93b35d10] Heap_lock - owner thread: 0x000001ab93b3a000

Heap address: 0x0000000081200000, size: 2030 MB, Compressed Oops mode: 32-bit
Narrow klass base: 0x0000000000000000, Narrow klass shift: 3
Compressed class space size: 1073741824 Address: 0x0000000100000000

Heap:
 garbage-first heap   total 198656K, used 58880K [0x0000000081200000, 0x0000000100000000)
  region size 1024K, 6 young (6144K), 6 survivors (6144K)
 Metaspace       used 74413K, capacity 75319K, committed 75428K, reserved 1116160K
  class space    used 8333K, capacity 8694K, committed 8704K, reserved 1048576K
Heap Regions: E=young(eden), S=young(survivor), O=old, HS=humongous(starts), HC=humongous(continues), CS=collection set, F=free, A=archive, TAMS=top-at-mark-start (previous, next)
|   0|0x0000000081200000, 0x0000000081300000, 0x0000000081300000|100%|HS|  |TAMS 0x0000000081300000, 0x0000000081200000| Complete 
|   1|0x0000000081300000, 0x0000000081400000, 0x0000000081400000|100%|HC|  |TAMS 0x0000000081400000, 0x0000000081300000| Complete 
|   2|0x0000000081400000, 0x0000000081500000, 0x0000000081500000|100%|HC|  |TAMS 0x0000000081500000, 0x0000000081400000| Complete 
|   3|0x0000000081500000, 0x0000000081600000, 0x0000000081600000|100%| O|  |TAMS 0x0000000081600000, 0x0000000081500000| Untracked 
|   4|0x0000000081600000, 0x0000000081700000, 0x0000000081700000|100%| O|  |TAMS 0x0000000081700000, 0x0000000081600000| Untracked 
|   5|0x0000000081700000, 0x0000000081800000, 0x0000000081800000|100%|HS|  |TAMS 0x0000000081800000, 0x0000000081700000| Complete 
|   6|0x0000000081800000, 0x0000000081900000, 0x0000000081900000|100%|HC|  |TAMS 0x0000000081900000, 0x0000000081800000| Complete 
|   7|0x0000000081900000, 0x0000000081a00000, 0x0000000081a00000|100%|HC|  |TAMS 0x0000000081a00000, 0x0000000081900000| Complete 
|   8|0x0000000081a00000, 0x0000000081b00000, 0x0000000081b00000|100%|HS|  |TAMS 0x0000000081b00000, 0x0000000081a00000| Complete 
|   9|0x0000000081b00000, 0x0000000081c00000, 0x0000000081c00000|100%|HC|  |TAMS 0x0000000081c00000, 0x0000000081b00000| Complete 
|  10|0x0000000081c00000, 0x0000000081d00000, 0x0000000081d00000|100%| O|  |TAMS 0x0000000081d00000, 0x0000000081c00000| Untracked 
|  11|0x0000000081d00000, 0x0000000081e00000, 0x0000000081e00000|100%| O|  |TAMS 0x0000000081e00000, 0x0000000081d00000| Untracked 
|  12|0x0000000081e00000, 0x0000000081f00000, 0x0000000081f00000|100%| O|  |TAMS 0x0000000081f00000, 0x0000000081e00000| Untracked 
|  13|0x0000000081f00000, 0x0000000082000000, 0x0000000082000000|100%| O|  |TAMS 0x0000000082000000, 0x0000000081f00000| Untracked 
|  14|0x0000000082000000, 0x0000000082100000, 0x0000000082100000|100%| O|  |TAMS 0x0000000082100000, 0x0000000082000000| Untracked 
|  15|0x0000000082100000, 0x0000000082200000, 0x0000000082200000|100%| O|  |TAMS 0x0000000082200000, 0x0000000082100000| Untracked 
|  16|0x0000000082200000, 0x0000000082300000, 0x0000000082300000|100%| O|  |TAMS 0x0000000082300000, 0x0000000082200000| Untracked 
|  17|0x0000000082300000, 0x0000000082400000, 0x0000000082400000|100%| O|  |TAMS 0x0000000082400000, 0x0000000082300000| Untracked 
|  18|0x0000000082400000, 0x0000000082500000, 0x0000000082500000|100%| O|  |TAMS 0x0000000082500000, 0x0000000082400000| Untracked 
|  19|0x0000000082500000, 0x0000000082600000, 0x0000000082600000|100%| O|  |TAMS 0x0000000082600000, 0x0000000082500000| Untracked 
|  20|0x0000000082600000, 0x0000000082700000, 0x0000000082700000|100%| O|  |TAMS 0x0000000082700000, 0x0000000082600000| Untracked 
|  21|0x0000000082700000, 0x0000000082800000, 0x0000000082800000|100%| O|  |TAMS 0x0000000082800000, 0x0000000082700000| Untracked 
|  22|0x0000000082800000, 0x0000000082900000, 0x0000000082900000|100%| O|  |TAMS 0x0000000082900000, 0x0000000082800000| Untracked 
|  23|0x0000000082900000, 0x0000000082a00000, 0x0000000082a00000|100%| O|  |TAMS 0x0000000082a00000, 0x0000000082900000| Untracked 
|  24|0x0000000082a00000, 0x0000000082b00000, 0x0000000082b00000|100%| O|  |TAMS 0x0000000082b00000, 0x0000000082a00000| Untracked 
|  25|0x0000000082b00000, 0x0000000082c00000, 0x0000000082c00000|100%| O|  |TAMS 0x0000000082c00000, 0x0000000082b00000| Untracked 
|  26|0x0000000082c00000, 0x0000000082d00000, 0x0000000082d00000|100%| O|  |TAMS 0x0000000082d00000, 0x0000000082c00000| Untracked 
|  27|0x0000000082d00000, 0x0000000082e00000, 0x0000000082e00000|100%| O|  |TAMS 0x0000000082e00000, 0x0000000082d00000| Untracked 
|  28|0x0000000082e00000, 0x0000000082f00000, 0x0000000082f00000|100%| O|  |TAMS 0x0000000082f00000, 0x0000000082e00000| Untracked 
|  29|0x0000000082f00000, 0x0000000083000000, 0x0000000083000000|100%| O|  |TAMS 0x0000000083000000, 0x0000000082f00000| Untracked 
|  30|0x0000000083000000, 0x0000000083100000, 0x0000000083100000|100%| O|  |TAMS 0x0000000083100000, 0x0000000083000000| Untracked 
|  31|0x0000000083100000, 0x0000000083200000, 0x0000000083200000|100%| O|  |TAMS 0x00000000831a7000, 0x0000000083100000| Untracked 
|  32|0x0000000083200000, 0x0000000083300000, 0x0000000083300000|100%| O|  |TAMS 0x0000000083200000, 0x0000000083200000| Untracked 
|  33|0x0000000083300000, 0x0000000083400000, 0x0000000083400000|100%| O|  |TAMS 0x0000000083300000, 0x0000000083300000| Untracked 
|  34|0x0000000083400000, 0x0000000083500000, 0x0000000083500000|100%| O|  |TAMS 0x0000000083400000, 0x0000000083400000| Untracked 
|  35|0x0000000083500000, 0x0000000083600000, 0x0000000083600000|100%| O|  |TAMS 0x0000000083500000, 0x0000000083500000| Untracked 
|  36|0x0000000083600000, 0x0000000083700000, 0x0000000083700000|100%| O|  |TAMS 0x0000000083600000, 0x0000000083600000| Untracked 
|  37|0x0000000083700000, 0x0000000083800000, 0x0000000083800000|100%| O|  |TAMS 0x0000000083700000, 0x0000000083700000| Untracked 
|  38|0x0000000083800000, 0x0000000083900000, 0x0000000083900000|100%| O|  |TAMS 0x0000000083800000, 0x0000000083800000| Untracked 
|  39|0x0000000083900000, 0x0000000083a00000, 0x0000000083a00000|100%| O|  |TAMS 0x0000000083900000, 0x0000000083900000| Untracked 
|  40|0x0000000083a00000, 0x0000000083b00000, 0x0000000083b00000|100%| O|  |TAMS 0x0000000083a00000, 0x0000000083a00000| Untracked 
|  41|0x0000000083b00000, 0x0000000083c00000, 0x0000000083c00000|100%| O|  |TAMS 0x0000000083b00000, 0x0000000083b00000| Untracked 
|  42|0x0000000083c00000, 0x0000000083d00000, 0x0000000083d00000|100%| O|  |TAMS 0x0000000083c00000, 0x0000000083c00000| Untracked 
|  43|0x0000000083d00000, 0x0000000083e00000, 0x0000000083e00000|100%| O|  |TAMS 0x0000000083d00000, 0x0000000083d00000| Untracked 
|  44|0x0000000083e00000, 0x0000000083f00000, 0x0000000083f00000|100%| O|  |TAMS 0x0000000083e00000, 0x0000000083e00000| Untracked 
|  45|0x0000000083f00000, 0x0000000084000000, 0x0000000084000000|100%| O|  |TAMS 0x0000000083f00000, 0x0000000083f00000| Untracked 
|  46|0x0000000084000000, 0x0000000084100000, 0x0000000084100000|100%| O|  |TAMS 0x0000000084000000, 0x0000000084000000| Untracked 
|  47|0x0000000084100000, 0x0000000084200000, 0x0000000084200000|100%| O|  |TAMS 0x0000000084100000, 0x0000000084100000| Untracked 
|  48|0x0000000084200000, 0x0000000084300000, 0x0000000084300000|100%| O|  |TAMS 0x0000000084200000, 0x0000000084200000| Untracked 
|  49|0x0000000084300000, 0x0000000084400000, 0x0000000084400000|100%| O|  |TAMS 0x0000000084300000, 0x0000000084300000| Untracked 
|  50|0x0000000084400000, 0x0000000084500000, 0x0000000084500000|100%| O|  |TAMS 0x0000000084400000, 0x0000000084400000| Untracked 
|  51|0x0000000084500000, 0x0000000084600000, 0x0000000084600000|100%| O|  |TAMS 0x0000000084500000, 0x0000000084500000| Untracked 
|  52|0x0000000084600000, 0x0000000084600000, 0x0000000084700000|  0%| F|  |TAMS 0x0000000084600000, 0x0000000084600000| Untracked 
|  53|0x0000000084700000, 0x0000000084700000, 0x0000000084800000|  0%| F|  |TAMS 0x0000000084700000, 0x0000000084700000| Untracked 
|  54|0x0000000084800000, 0x0000000084800000, 0x0000000084900000|  0%| F|  |TAMS 0x0000000084800000, 0x0000000084800000| Untracked 
|  55|0x0000000084900000, 0x0000000084900000, 0x0000000084a00000|  0%| F|  |TAMS 0x0000000084900000, 0x0000000084900000| Untracked 
|  56|0x0000000084a00000, 0x0000000084a00000, 0x0000000084b00000|  0%| F|  |TAMS 0x0000000084a00000, 0x0000000084a00000| Untracked 
|  57|0x0000000084b00000, 0x0000000084b00000, 0x0000000084c00000|  0%| F|  |TAMS 0x0000000084b00000, 0x0000000084b00000| Untracked 
|  58|0x0000000084c00000, 0x0000000084c00000, 0x0000000084d00000|  0%| F|  |TAMS 0x0000000084c00000, 0x0000000084c00000| Untracked 
|  59|0x0000000084d00000, 0x0000000084d00000, 0x0000000084e00000|  0%| F|  |TAMS 0x0000000084d00000, 0x0000000084d00000| Untracked 
|  60|0x0000000084e00000, 0x0000000084e00000, 0x0000000084f00000|  0%| F|  |TAMS 0x0000000084e00000, 0x0000000084e00000| Untracked 
|  61|0x0000000084f00000, 0x0000000084f00000, 0x0000000085000000|  0%| F|  |TAMS 0x0000000084f00000, 0x0000000084f00000| Untracked 
|  62|0x0000000085000000, 0x0000000085000000, 0x0000000085100000|  0%| F|  |TAMS 0x0000000085000000, 0x0000000085000000| Untracked 
|  63|0x0000000085100000, 0x0000000085100000, 0x0000000085200000|  0%| F|  |TAMS 0x0000000085100000, 0x0000000085100000| Untracked 
|  64|0x0000000085200000, 0x0000000085200000, 0x0000000085300000|  0%| F|  |TAMS 0x0000000085200000, 0x0000000085200000| Untracked 
|  65|0x0000000085300000, 0x0000000085300000, 0x0000000085400000|  0%| F|  |TAMS 0x0000000085300000, 0x0000000085300000| Untracked 
|  66|0x0000000085400000, 0x0000000085400000, 0x0000000085500000|  0%| F|  |TAMS 0x0000000085400000, 0x0000000085400000| Untracked 
|  67|0x0000000085500000, 0x0000000085500000, 0x0000000085600000|  0%| F|  |TAMS 0x0000000085500000, 0x0000000085500000| Untracked 
|  68|0x0000000085600000, 0x0000000085600000, 0x0000000085700000|  0%| F|  |TAMS 0x0000000085600000, 0x0000000085600000| Untracked 
|  69|0x0000000085700000, 0x0000000085700000, 0x0000000085800000|  0%| F|  |TAMS 0x0000000085700000, 0x0000000085700000| Untracked 
|  70|0x0000000085800000, 0x0000000085800000, 0x0000000085900000|  0%| F|  |TAMS 0x0000000085800000, 0x0000000085800000| Untracked 
|  71|0x0000000085900000, 0x0000000085900000, 0x0000000085a00000|  0%| F|  |TAMS 0x0000000085900000, 0x0000000085900000| Untracked 
|  72|0x0000000085a00000, 0x0000000085a00000, 0x0000000085b00000|  0%| F|  |TAMS 0x0000000085a00000, 0x0000000085a00000| Untracked 
|  73|0x0000000085b00000, 0x0000000085b00000, 0x0000000085c00000|  0%| F|  |TAMS 0x0000000085b00000, 0x0000000085b00000| Untracked 
|  74|0x0000000085c00000, 0x0000000085c00000, 0x0000000085d00000|  0%| F|  |TAMS 0x0000000085c00000, 0x0000000085c00000| Untracked 
|  75|0x0000000085d00000, 0x0000000085d00000, 0x0000000085e00000|  0%| F|  |TAMS 0x0000000085d00000, 0x0000000085d00000| Untracked 
|  76|0x0000000085e00000, 0x0000000085e00000, 0x0000000085f00000|  0%| F|  |TAMS 0x0000000085e00000, 0x0000000085e00000| Untracked 
|  77|0x0000000085f00000, 0x0000000085f00000, 0x0000000086000000|  0%| F|  |TAMS 0x0000000085f00000, 0x0000000085f00000| Untracked 
|  78|0x0000000086000000, 0x0000000086080000, 0x0000000086100000| 50%| S|CS|TAMS 0x0000000086000000, 0x0000000086000000| Complete 
|  79|0x0000000086100000, 0x0000000086200000, 0x0000000086200000|100%| S|CS|TAMS 0x0000000086100000, 0x0000000086100000| Complete 
|  80|0x0000000086200000, 0x0000000086200000, 0x0000000086300000|  0%| F|  |TAMS 0x0000000086200000, 0x0000000086200000| Untracked 
|  81|0x0000000086300000, 0x0000000086300000, 0x0000000086400000|  0%| F|  |TAMS 0x0000000086300000, 0x0000000086300000| Untracked 
|  82|0x0000000086400000, 0x0000000086400000, 0x0000000086500000|  0%| F|  |TAMS 0x0000000086400000, 0x0000000086400000| Untracked 
|  83|0x0000000086500000, 0x0000000086500000, 0x0000000086600000|  0%| F|  |TAMS 0x0000000086500000, 0x0000000086500000| Untracked 
|  84|0x0000000086600000, 0x0000000086600000, 0x0000000086700000|  0%| F|  |TAMS 0x0000000086600000, 0x0000000086600000| Untracked 
|  85|0x0000000086700000, 0x0000000086700000, 0x0000000086800000|  0%| F|  |TAMS 0x0000000086700000, 0x0000000086700000| Untracked 
|  86|0x0000000086800000, 0x0000000086800000, 0x0000000086900000|  0%| F|  |TAMS 0x0000000086800000, 0x0000000086800000| Untracked 
|  87|0x0000000086900000, 0x0000000086900000, 0x0000000086a00000|  0%| F|  |TAMS 0x0000000086900000, 0x0000000086900000| Untracked 
|  88|0x0000000086a00000, 0x0000000086a00000, 0x0000000086b00000|  0%| F|  |TAMS 0x0000000086a00000, 0x0000000086a00000| Untracked 
|  89|0x0000000086b00000, 0x0000000086c00000, 0x0000000086c00000|100%| S|CS|TAMS 0x0000000086b00000, 0x0000000086b00000| Complete 
|  90|0x0000000086c00000, 0x0000000086d00000, 0x0000000086d00000|100%| S|CS|TAMS 0x0000000086c00000, 0x0000000086c00000| Complete 
|  91|0x0000000086d00000, 0x0000000086e00000, 0x0000000086e00000|100%| S|CS|TAMS 0x0000000086d00000, 0x0000000086d00000| Complete 
|  92|0x0000000086e00000, 0x0000000086f00000, 0x0000000086f00000|100%| S|CS|TAMS 0x0000000086e00000, 0x0000000086e00000| Complete 
|  93|0x0000000086f00000, 0x0000000086f00000, 0x0000000087000000|  0%| F|  |TAMS 0x0000000086f00000, 0x0000000086f00000| Untracked 
|  94|0x0000000087000000, 0x0000000087000000, 0x0000000087100000|  0%| F|  |TAMS 0x0000000087000000, 0x0000000087000000| Untracked 
|  95|0x0000000087100000, 0x0000000087100000, 0x0000000087200000|  0%| F|  |TAMS 0x0000000087100000, 0x0000000087100000| Untracked 
|  96|0x0000000087200000, 0x0000000087200000, 0x0000000087300000|  0%| F|  |TAMS 0x0000000087200000, 0x0000000087200000| Untracked 
|  97|0x0000000087300000, 0x0000000087300000, 0x0000000087400000|  0%| F|  |TAMS 0x0000000087300000, 0x0000000087300000| Untracked 
|  98|0x0000000087400000, 0x0000000087400000, 0x0000000087500000|  0%| F|  |TAMS 0x0000000087400000, 0x0000000087400000| Untracked 
|  99|0x0000000087500000, 0x0000000087500000, 0x0000000087600000|  0%| F|  |TAMS 0x0000000087500000, 0x0000000087500000| Untracked 
| 100|0x0000000087600000, 0x0000000087600000, 0x0000000087700000|  0%| F|  |TAMS 0x0000000087600000, 0x0000000087600000| Untracked 
| 101|0x0000000087700000, 0x0000000087700000, 0x0000000087800000|  0%| F|  |TAMS 0x0000000087700000, 0x0000000087700000| Untracked 
| 102|0x0000000087800000, 0x0000000087800000, 0x0000000087900000|  0%| F|  |TAMS 0x0000000087800000, 0x0000000087800000| Untracked 
| 103|0x0000000087900000, 0x0000000087900000, 0x0000000087a00000|  0%| F|  |TAMS 0x0000000087900000, 0x0000000087900000| Untracked 
| 104|0x0000000087a00000, 0x0000000087a00000, 0x0000000087b00000|  0%| F|  |TAMS 0x0000000087a00000, 0x0000000087a00000| Untracked 
| 105|0x0000000087b00000, 0x0000000087b00000, 0x0000000087c00000|  0%| F|  |TAMS 0x0000000087b00000, 0x0000000087b00000| Untracked 
| 106|0x0000000087c00000, 0x0000000087c00000, 0x0000000087d00000|  0%| F|  |TAMS 0x0000000087c00000, 0x0000000087c00000| Untracked 
| 107|0x0000000087d00000, 0x0000000087d00000, 0x0000000087e00000|  0%| F|  |TAMS 0x0000000087d00000, 0x0000000087d00000| Untracked 
| 108|0x0000000087e00000, 0x0000000087e00000, 0x0000000087f00000|  0%| F|  |TAMS 0x0000000087e00000, 0x0000000087e00000| Untracked 
| 109|0x0000000087f00000, 0x0000000087f00000, 0x0000000088000000|  0%| F|  |TAMS 0x0000000087f00000, 0x0000000087f00000| Untracked 
| 110|0x0000000088000000, 0x0000000088000000, 0x0000000088100000|  0%| F|  |TAMS 0x0000000088000000, 0x0000000088000000| Untracked 
| 111|0x0000000088100000, 0x0000000088100000, 0x0000000088200000|  0%| F|  |TAMS 0x0000000088100000, 0x0000000088100000| Untracked 
| 112|0x0000000088200000, 0x0000000088200000, 0x0000000088300000|  0%| F|  |TAMS 0x0000000088200000, 0x0000000088200000| Untracked 
| 113|0x0000000088300000, 0x0000000088300000, 0x0000000088400000|  0%| F|  |TAMS 0x0000000088300000, 0x0000000088300000| Untracked 
| 114|0x0000000088400000, 0x0000000088400000, 0x0000000088500000|  0%| F|  |TAMS 0x0000000088400000, 0x0000000088400000| Untracked 
| 115|0x0000000088500000, 0x0000000088500000, 0x0000000088600000|  0%| F|  |TAMS 0x0000000088500000, 0x0000000088500000| Untracked 
| 116|0x0000000088600000, 0x0000000088600000, 0x0000000088700000|  0%| F|  |TAMS 0x0000000088600000, 0x0000000088600000| Untracked 
| 117|0x0000000088700000, 0x0000000088700000, 0x0000000088800000|  0%| F|  |TAMS 0x0000000088700000, 0x0000000088700000| Untracked 
| 118|0x0000000088800000, 0x0000000088800000, 0x0000000088900000|  0%| F|  |TAMS 0x0000000088800000, 0x0000000088800000| Untracked 
| 119|0x0000000088900000, 0x0000000088900000, 0x0000000088a00000|  0%| F|  |TAMS 0x0000000088900000, 0x0000000088900000| Untracked 
| 120|0x0000000088a00000, 0x0000000088a00000, 0x0000000088b00000|  0%| F|  |TAMS 0x0000000088a00000, 0x0000000088a00000| Untracked 
| 121|0x0000000088b00000, 0x0000000088b00000, 0x0000000088c00000|  0%| F|  |TAMS 0x0000000088b00000, 0x0000000088b00000| Untracked 
| 122|0x0000000088c00000, 0x0000000088c00000, 0x0000000088d00000|  0%| F|  |TAMS 0x0000000088c00000, 0x0000000088c00000| Untracked 
| 123|0x0000000088d00000, 0x0000000088d00000, 0x0000000088e00000|  0%| F|  |TAMS 0x0000000088d00000, 0x0000000088d00000| Untracked 
| 124|0x0000000088e00000, 0x0000000088e00000, 0x0000000088f00000|  0%| F|  |TAMS 0x0000000088e00000, 0x0000000088e00000| Untracked 
| 125|0x0000000088f00000, 0x0000000088f00000, 0x0000000089000000|  0%| F|  |TAMS 0x0000000088f00000, 0x0000000088f00000| Untracked 
| 126|0x0000000089000000, 0x0000000089000000, 0x0000000089100000|  0%| F|  |TAMS 0x0000000089000000, 0x0000000089000000| Untracked 
| 127|0x0000000089100000, 0x0000000089100000, 0x0000000089200000|  0%| F|  |TAMS 0x0000000089100000, 0x0000000089100000| Untracked 
| 128|0x0000000089200000, 0x0000000089200000, 0x0000000089300000|  0%| F|  |TAMS 0x0000000089200000, 0x0000000089200000| Untracked 
| 129|0x0000000089300000, 0x0000000089300000, 0x0000000089400000|  0%| F|  |TAMS 0x0000000089300000, 0x0000000089300000| Untracked 
| 130|0x0000000089400000, 0x0000000089400000, 0x0000000089500000|  0%| F|  |TAMS 0x0000000089400000, 0x0000000089400000| Untracked 
| 131|0x0000000089500000, 0x0000000089500000, 0x0000000089600000|  0%| F|  |TAMS 0x0000000089500000, 0x0000000089500000| Untracked 
| 132|0x0000000089600000, 0x0000000089600000, 0x0000000089700000|  0%| F|  |TAMS 0x0000000089600000, 0x0000000089600000| Untracked 
| 133|0x0000000089700000, 0x0000000089700000, 0x0000000089800000|  0%| F|  |TAMS 0x0000000089700000, 0x0000000089700000| Untracked 
| 134|0x0000000089800000, 0x0000000089800000, 0x0000000089900000|  0%| F|  |TAMS 0x0000000089800000, 0x0000000089800000| Untracked 
| 135|0x0000000089900000, 0x0000000089900000, 0x0000000089a00000|  0%| F|  |TAMS 0x0000000089900000, 0x0000000089900000| Untracked 
| 136|0x0000000089a00000, 0x0000000089a00000, 0x0000000089b00000|  0%| F|  |TAMS 0x0000000089a00000, 0x0000000089a00000| Untracked 
| 137|0x0000000089b00000, 0x0000000089b00000, 0x0000000089c00000|  0%| F|  |TAMS 0x0000000089b00000, 0x0000000089b00000| Untracked 
| 138|0x0000000089c00000, 0x0000000089c00000, 0x0000000089d00000|  0%| F|  |TAMS 0x0000000089c00000, 0x0000000089c00000| Untracked 
| 139|0x0000000089d00000, 0x0000000089d00000, 0x0000000089e00000|  0%| F|  |TAMS 0x0000000089d00000, 0x0000000089d00000| Untracked 
| 140|0x0000000089e00000, 0x0000000089e00000, 0x0000000089f00000|  0%| F|  |TAMS 0x0000000089e00000, 0x0000000089e00000| Untracked 
| 141|0x0000000089f00000, 0x0000000089f00000, 0x000000008a000000|  0%| F|  |TAMS 0x0000000089f00000, 0x0000000089f00000| Untracked 
| 142|0x000000008a000000, 0x000000008a000000, 0x000000008a100000|  0%| F|  |TAMS 0x000000008a000000, 0x000000008a000000| Untracked 
| 143|0x000000008a100000, 0x000000008a100000, 0x000000008a200000|  0%| F|  |TAMS 0x000000008a100000, 0x000000008a100000| Untracked 
| 144|0x000000008a200000, 0x000000008a200000, 0x000000008a300000|  0%| F|  |TAMS 0x000000008a200000, 0x000000008a200000| Untracked 
| 145|0x000000008a300000, 0x000000008a300000, 0x000000008a400000|  0%| F|  |TAMS 0x000000008a300000, 0x000000008a300000| Untracked 
| 146|0x000000008a400000, 0x000000008a400000, 0x000000008a500000|  0%| F|  |TAMS 0x000000008a400000, 0x000000008a400000| Untracked 
| 147|0x000000008a500000, 0x000000008a500000, 0x000000008a600000|  0%| F|  |TAMS 0x000000008a500000, 0x000000008a500000| Untracked 
| 148|0x000000008a600000, 0x000000008a600000, 0x000000008a700000|  0%| F|  |TAMS 0x000000008a600000, 0x000000008a600000| Untracked 
| 149|0x000000008a700000, 0x000000008a700000, 0x000000008a800000|  0%| F|  |TAMS 0x000000008a700000, 0x000000008a700000| Untracked 
| 150|0x000000008a800000, 0x000000008a800000, 0x000000008a900000|  0%| F|  |TAMS 0x000000008a800000, 0x000000008a800000| Untracked 
| 151|0x000000008a900000, 0x000000008a900000, 0x000000008aa00000|  0%| F|  |TAMS 0x000000008a900000, 0x000000008a900000| Untracked 
| 152|0x000000008aa00000, 0x000000008aa00000, 0x000000008ab00000|  0%| F|  |TAMS 0x000000008aa00000, 0x000000008aa00000| Untracked 
| 153|0x000000008ab00000, 0x000000008ab00000, 0x000000008ac00000|  0%| F|  |TAMS 0x000000008ab00000, 0x000000008ab00000| Untracked 

Card table byte_map: [0x000001aba7050000,0x000001aba7450000] _byte_map_base: 0x000001aba6c47000

Marking Bits (Prev, Next): (CMBitMap*) 0x000001ab93b79590, (CMBitMap*) 0x000001ab93b79558
 Prev Bits: [0x000001aba9810000, 0x000001abab7c8000)
 Next Bits: [0x000001aba7850000, 0x000001aba9808000)

Polling page: 0x000001ab92130000

Metaspace:

Usage:
  Non-class:     65.06 MB capacity,    64.53 MB (>99%) used,   419.99 KB ( <1%) free+waste,   125.00 KB ( <1%) overhead. 
      Class:      8.49 MB capacity,     8.14 MB ( 96%) used,   307.20 KB (  4%) free+waste,    53.69 KB ( <1%) overhead. 
       Both:     73.55 MB capacity,    72.67 MB ( 99%) used,   727.20 KB ( <1%) free+waste,   178.69 KB ( <1%) overhead. 

Virtual space:
  Non-class space:       66.00 MB reserved,      65.16 MB ( 99%) committed 
      Class space:        1.00 GB reserved,       8.50 MB ( <1%) committed 
             Both:        1.06 GB reserved,      73.66 MB (  7%) committed 

Chunk freelists:
   Non-Class:  35.00 KB
       Class:  10.00 KB
        Both:  45.00 KB

MaxMetaspaceSize: 17179869184.00 GB
CompressedClassSpaceSize: 1.00 GB

CodeHeap 'non-profiled nmethods': size=120064Kb used=3646Kb max_used=3646Kb free=116417Kb
 bounds [0x000001ab9f0f0000, 0x000001ab9f480000, 0x000001aba6630000]
CodeHeap 'profiled nmethods': size=120000Kb used=25874Kb max_used=25874Kb free=94125Kb
 bounds [0x000001ab97bc0000, 0x000001ab99510000, 0x000001ab9f0f0000]
CodeHeap 'non-nmethods': size=5696Kb used=1271Kb max_used=1294Kb free=4424Kb
 bounds [0x000001ab97630000, 0x000001ab978a0000, 0x000001ab97bc0000]
 total_blobs=10601 nmethods=9951 adapters=559
 compilation: enabled
              stopped_count=0, restarted_count=0
 full_count=0

Compilation events (20 events):
Event: 14.737 Thread 0x000001abade4f800 10052       4       org.jetbrains.kotlin.ir.util.PatchDeclarationParentsVisitor::visitDeclaration (53 bytes)
Event: 14.738 Thread 0x000001abade52800 nmethod 10054 0x000001ab994fd210 code [0x000001ab994fd540, 0x000001ab994fe488]
Event: 14.738 Thread 0x000001abade52800 10055       3       org.jetbrains.kotlin.metadata.ProtoBuf$Type::hasFlexibleTypeCapabilitiesId (16 bytes)
Event: 14.738 Thread 0x000001abade52800 nmethod 10055 0x000001ab994fea90 code [0x000001ab994fec40, 0x000001ab994fed98]
Event: 14.738 Thread 0x000001abade52800 10057       3       org.jetbrains.kotlin.serialization.deserialization.TypeDeserializer::typeConstructor (386 bytes)
Event: 14.740 Thread 0x000001abade52800 nmethod 10057 0x000001ab994fee10 code [0x000001ab994ff480, 0x000001ab99502a58]
Event: 14.740 Thread 0x000001abade52800 10058       3       org.jetbrains.kotlin.serialization.deserialization.TypeDeserializer$simpleType$annotations$1::<init> (16 bytes)
Event: 14.740 Thread 0x000001abade52800 nmethod 10058 0x000001ab99503a10 code [0x000001ab99503be0, 0x000001ab99503e58]
Event: 14.740 Thread 0x000001abade52800 10059       3       org.jetbrains.kotlin.serialization.deserialization.TypeDeserializer::simpleType$collectAllArguments (60 bytes)
Event: 14.741 Thread 0x000001abade52800 nmethod 10059 0x000001ab99503f90 code [0x000001ab995041a0, 0x000001ab995046d8]
Event: 14.741 Thread 0x000001abade52800 10062       1       org.jetbrains.kotlin.backend.jvm.JvmBackendContext::getIrBuiltIns (5 bytes)
Event: 14.741 Thread 0x000001abade52800 nmethod 10062 0x000001ab9f47e390 code [0x000001ab9f47e540, 0x000001ab9f47e5f8]
Event: 14.741 Thread 0x000001abade52800 10063       1       org.jetbrains.kotlin.backend.common.phaser.PhaserState::getPhaseCount (5 bytes)
Event: 14.741 Thread 0x000001abade52800 nmethod 10063 0x000001ab9f47e690 code [0x000001ab9f47e840, 0x000001ab9f47e8f8]
Event: 14.741 Thread 0x000001abade52800 10061       1       org.jetbrains.kotlin.ir.declarations.lazy.IrLazyFunction::getName (5 bytes)
Event: 14.741 Thread 0x000001abade52800 nmethod 10061 0x000001ab9f47e990 code [0x000001ab9f47eb40, 0x000001ab9f47ebf8]
Event: 14.743 Thread 0x000001abade4f800 nmethod 10052 0x000001ab9f47ec90 code [0x000001ab9f47ee60, 0x000001ab9f47f338]
Event: 14.743 Thread 0x000001abade4f800 10064       4       org.jetbrains.kotlin.ir.declarations.impl.IrFunctionImpl::getSymbol (8 bytes)
Event: 14.744 Thread 0x000001abade4f800 nmethod 10064 0x000001ab9f47f790 code [0x000001ab9f47f920, 0x000001ab9f47f9f8]
Event: 14.744 Thread 0x000001abade4f800 10051       4       org.jetbrains.kotlin.ir.util.PatchDeclarationParentsVisitor::visitValueParameter (13 bytes)

GC Heap History (17 events):
Event: 0.742 GC heap before
{Heap before GC invocations=0 (full 0):
 garbage-first heap   total 131072K, used 17408K [0x0000000081200000, 0x0000000100000000)
  region size 1024K, 14 young (14336K), 0 survivors (0K)
 Metaspace       used 9789K, capacity 9871K, committed 10112K, reserved 1058816K
  class space    used 839K, capacity 884K, committed 896K, reserved 1048576K
}
Event: 0.746 GC heap after
{Heap after GC invocations=1 (full 0):
 garbage-first heap   total 131072K, used 5192K [0x0000000081200000, 0x0000000100000000)
  region size 1024K, 2 young (2048K), 2 survivors (2048K)
 Metaspace       used 9789K, capacity 9871K, committed 10112K, reserved 1058816K
  class space    used 839K, capacity 884K, committed 896K, reserved 1048576K
}
Event: 2.057 GC heap before
{Heap before GC invocations=1 (full 0):
 garbage-first heap   total 131072K, used 49224K [0x0000000081200000, 0x0000000100000000)
  region size 1024K, 46 young (47104K), 2 survivors (2048K)
 Metaspace       used 20781K, capacity 20990K, committed 21248K, reserved 1069056K
  class space    used 2200K, capacity 2280K, committed 2304K, reserved 1048576K
}
Event: 2.070 GC heap after
{Heap after GC invocations=2 (full 0):
 garbage-first heap   total 131072K, used 9165K [0x0000000081200000, 0x0000000100000000)
  region size 1024K, 6 young (6144K), 6 survivors (6144K)
 Metaspace       used 20781K, capacity 20990K, committed 21248K, reserved 1069056K
  class space    used 2200K, capacity 2280K, committed 2304K, reserved 1048576K
}
Event: 3.942 GC heap before
{Heap before GC invocations=3 (full 0):
 garbage-first heap   total 131072K, used 61389K [0x0000000081200000, 0x0000000100000000)
  region size 1024K, 52 young (53248K), 6 survivors (6144K)
 Metaspace       used 31443K, capacity 31856K, committed 32000K, reserved 1077248K
  class space    used 3928K, capacity 4085K, committed 4096K, reserved 1048576K
}
Event: 3.962 GC heap after
{Heap after GC invocations=4 (full 0):
 garbage-first heap   total 131072K, used 20840K [0x0000000081200000, 0x0000000100000000)
  region size 1024K, 7 young (7168K), 7 survivors (7168K)
 Metaspace       used 31443K, capacity 31856K, committed 32000K, reserved 1077248K
  class space    used 3928K, capacity 4085K, committed 4096K, reserved 1048576K
}
Event: 4.332 GC heap before
{Heap before GC invocations=4 (full 0):
 garbage-first heap   total 131072K, used 38248K [0x0000000081200000, 0x0000000100000000)
  region size 1024K, 25 young (25600K), 7 survivors (7168K)
 Metaspace       used 35031K, capacity 35420K, committed 35584K, reserved 1081344K
  class space    used 4328K, capacity 4505K, committed 4608K, reserved 1048576K
}
Event: 4.342 GC heap after
{Heap after GC invocations=5 (full 0):
 garbage-first heap   total 131072K, used 20422K [0x0000000081200000, 0x0000000100000000)
  region size 1024K, 2 young (2048K), 2 survivors (2048K)
 Metaspace       used 35031K, capacity 35420K, committed 35584K, reserved 1081344K
  class space    used 4328K, capacity 4505K, committed 4608K, reserved 1048576K
}
Event: 5.838 GC heap before
{Heap before GC invocations=6 (full 0):
 garbage-first heap   total 131072K, used 76742K [0x0000000081200000, 0x0000000100000000)
  region size 1024K, 55 young (56320K), 2 survivors (2048K)
 Metaspace       used 47089K, capacity 47675K, committed 47872K, reserved 1091584K
  class space    used 5555K, capacity 5773K, committed 5888K, reserved 1048576K
}
Event: 5.852 GC heap after
{Heap after GC invocations=7 (full 0):
 garbage-first heap   total 157696K, used 26899K [0x0000000081200000, 0x0000000100000000)
  region size 1024K, 7 young (7168K), 7 survivors (7168K)
 Metaspace       used 47089K, capacity 47675K, committed 47872K, reserved 1091584K
  class space    used 5555K, capacity 5773K, committed 5888K, reserved 1048576K
}
Event: 7.216 GC heap before
{Heap before GC invocations=7 (full 0):
 garbage-first heap   total 157696K, used 92435K [0x0000000081200000, 0x0000000100000000)
  region size 1024K, 70 young (71680K), 7 survivors (7168K)
 Metaspace       used 54587K, capacity 55251K, committed 55552K, reserved 1097728K
  class space    used 6309K, capacity 6588K, committed 6656K, reserved 1048576K
}
Event: 7.240 GC heap after
{Heap after GC invocations=8 (full 0):
 garbage-first heap   total 157696K, used 33701K [0x0000000081200000, 0x0000000100000000)
  region size 1024K, 9 young (9216K), 9 survivors (9216K)
 Metaspace       used 54587K, capacity 55251K, committed 55552K, reserved 1097728K
  class space    used 6309K, capacity 6588K, committed 6656K, reserved 1048576K
}
Event: 9.170 GC heap before
{Heap before GC invocations=8 (full 0):
 garbage-first heap   total 157696K, used 109477K [0x0000000081200000, 0x0000000100000000)
  region size 1024K, 84 young (86016K), 9 survivors (9216K)
 Metaspace       used 58767K, capacity 59526K, committed 59736K, reserved 1101824K
  class space    used 6748K, capacity 7040K, committed 7040K, reserved 1048576K
}
Event: 9.245 GC heap after
{Heap after GC invocations=9 (full 0):
 garbage-first heap   total 157696K, used 43676K [0x0000000081200000, 0x0000000100000000)
  region size 1024K, 11 young (11264K), 11 survivors (11264K)
 Metaspace       used 58767K, capacity 59526K, committed 59736K, reserved 1101824K
  class space    used 6748K, capacity 7040K, committed 7040K, reserved 1048576K
}
Event: 13.270 GC heap before
{Heap before GC invocations=10 (full 0):
 garbage-first heap   total 157696K, used 111260K [0x0000000081200000, 0x0000000100000000)
  region size 1024K, 76 young (77824K), 11 survivors (11264K)
 Metaspace       used 67989K, capacity 68817K, committed 69028K, reserved 1110016K
  class space    used 7716K, capacity 8084K, committed 8192K, reserved 1048576K
}
Event: 13.305 GC heap after
{Heap after GC invocations=11 (full 0):
 garbage-first heap   total 157696K, used 52736K [0x0000000081200000, 0x0000000100000000)
  region size 1024K, 9 young (9216K), 9 survivors (9216K)
 Metaspace       used 67989K, capacity 68817K, committed 69028K, reserved 1110016K
  class space    used 7716K, capacity 8084K, committed 8192K, reserved 1048576K
}
Event: 14.748 GC heap before
{Heap before GC invocations=11 (full 0):
 garbage-first heap   total 157696K, used 115200K [0x0000000081200000, 0x0000000100000000)
  region size 1024K, 70 young (71680K), 9 survivors (9216K)
 Metaspace       used 74413K, capacity 75319K, committed 75428K, reserved 1116160K
  class space    used 8333K, capacity 8694K, committed 8704K, reserved 1048576K
}

Deoptimization events (20 events):
Event: 14.420 Thread 0x000001ab93b3a000 DEOPT PACKING pc=0x000001ab9f455c14 sp=0x00000020478fc1b0
Event: 14.420 Thread 0x000001ab93b3a000 DEOPT UNPACKING pc=0x000001ab976578af sp=0x00000020478fbf70 mode 2
Event: 14.420 Thread 0x000001ab93b3a000 Uncommon trap: trap_request=0xffffffc6 fr.pc=0x000001ab9f456b28 relative=0x0000000000000508
Event: 14.420 Thread 0x000001ab93b3a000 Uncommon trap: reason=bimorphic_or_optimized_type_check action=maybe_recompile pc=0x000001ab9f456b28 method=org.jetbrains.kotlin.descriptors.DescriptorVisibility.isPublicAPI()Z @ 1 c2
Event: 14.420 Thread 0x000001ab93b3a000 DEOPT PACKING pc=0x000001ab9f456b28 sp=0x00000020478fc600
Event: 14.420 Thread 0x000001ab93b3a000 DEOPT UNPACKING pc=0x000001ab976578af sp=0x00000020478fc448 mode 2
Event: 14.499 Thread 0x000001ab93b3a000 Uncommon trap: trap_request=0xffffffdc fr.pc=0x000001ab9f45cd78 relative=0x0000000000000238
Event: 14.499 Thread 0x000001ab93b3a000 Uncommon trap: reason=class_check action=make_not_entrant pc=0x000001ab9f45cd78 method=java.util.ArrayList.toArray([Ljava/lang/Object;)[Ljava/lang/Object; @ 21 c2
Event: 14.499 Thread 0x000001ab93b3a000 DEOPT PACKING pc=0x000001ab9f45cd78 sp=0x00000020478fade0
Event: 14.500 Thread 0x000001ab93b3a000 DEOPT UNPACKING pc=0x000001ab976578af sp=0x00000020478fad90 mode 2
Event: 14.588 Thread 0x000001ab93b3a000 Uncommon trap: trap_request=0xffffff4d fr.pc=0x000001ab9f150c18 relative=0x0000000000000258
Event: 14.588 Thread 0x000001ab93b3a000 Uncommon trap: reason=unstable_if action=reinterpret pc=0x000001ab9f150c18 method=java.util.HashMap.hash(Ljava/lang/Object;)I @ 1 c2
Event: 14.588 Thread 0x000001ab93b3a000 DEOPT PACKING pc=0x000001ab9f150c18 sp=0x00000020478fc640
Event: 14.588 Thread 0x000001ab93b3a000 DEOPT UNPACKING pc=0x000001ab976578af sp=0x00000020478fc578 mode 2
Event: 14.603 Thread 0x000001ab93b3a000 Uncommon trap: trap_request=0xffffffc6 fr.pc=0x000001ab9f45dd98 relative=0x0000000000000758
Event: 14.603 Thread 0x000001ab93b3a000 Uncommon trap: reason=bimorphic_or_optimized_type_check action=maybe_recompile pc=0x000001ab9f45dd98 method=org.jetbrains.kotlin.ir.declarations.IrFunction.acceptChildren(Lorg/jetbrains/kotlin/ir/visitors/IrElementVisitor;Ljava/lang/Object;)V @ 7 c2
Event: 14.603 Thread 0x000001ab93b3a000 DEOPT PACKING pc=0x000001ab9f45dd98 sp=0x00000020478fc190
Event: 14.603 Thread 0x000001ab93b3a000 DEOPT UNPACKING pc=0x000001ab976578af sp=0x00000020478fc118 mode 2
Event: 14.609 Thread 0x000001ab93b3a000 DEOPT PACKING pc=0x000001ab992dd3b4 sp=0x00000020478fd9d0
Event: 14.609 Thread 0x000001ab93b3a000 DEOPT UNPACKING pc=0x000001ab976576ce sp=0x00000020478fce28 mode 0

Classes redefined (0 events):
No events

Internal exceptions (20 events):
Event: 8.085 Thread 0x000001ab93b3a000 Implicit null exception at 0x000001ab9f2ba833 to 0x000001ab9f2babe0
Event: 8.085 Thread 0x000001ab93b3a000 Implicit null exception at 0x000001ab9f2b0f2f to 0x000001ab9f2b0f5c
Event: 8.111 Thread 0x000001ab93b3a000 Exception <a 'java/lang/NoSuchMethodError'{0x0000000088c42910}: 'java.lang.Object java.lang.invoke.DirectMethodHandle$Holder.invokeStatic(java.lang.Object, int, java.lang.Object, java.lang.Object)'> (0x0000000088c42910) thrown at [./src/hotspot/share/interpreter/linkResolver.cpp, line 773]
Event: 8.113 Thread 0x000001ab93b3a000 Exception <a 'java/lang/NoSuchMethodError'{0x0000000088c4ce10}: 'int java.lang.invoke.DirectMethodHandle$Holder.invokeInterface(java.lang.Object, java.lang.Object)'> (0x0000000088c4ce10) thrown at [./src/hotspot/share/interpreter/linkResolver.cpp, line 773]
Event: 8.469 Thread 0x000001ab93b3a000 Exception <a 'java/lang/NoSuchMethodError'{0x0000000087616610}: 'java.lang.Object java.lang.invoke.Invokers$Holder.linkToTargetMethod(java.lang.Object, java.lang.Object, java.lang.Object, java.lang.Object, java.lang.Object, java.lang.Object)'> (0x0000000087616610) thrown at [./src/hotspot/share/interpreter/linkResolver.cpp, line 773]
Event: 8.622 Thread 0x000001ab93b3a000 Implicit null exception at 0x000001ab9f2408cc to 0x000001ab9f2409a8
Event: 8.682 Thread 0x000001ab93b3a000 Exception <a 'java/lang/NoSuchMethodError'{0x00000000862b5700}: 'java.lang.Object java.lang.invoke.Invokers$Holder.linkToTargetMethod(java.lang.Object, java.lang.Object, java.lang.Object, java.lang.Object, java.lang.Object, java.lang.Object, java.lang.Object)'> (0x00000000862b5700) thrown at [./src/hotspot/share/interpreter/linkResolver.cpp, line 773]
Event: 8.687 Thread 0x000001ab93b3a000 Implicit null exception at 0x000001ab9f147e5e to 0x000001ab9f1485ca
Event: 8.687 Thread 0x000001ab93b3a000 Implicit null exception at 0x000001ab9f12d22f to 0x000001ab9f12d29d
Event: 8.913 Thread 0x000001ab93b3a000 Exception <a 'java/lang/NoSuchMethodError'{0x0000000085df9a90}: 'java.lang.Object java.lang.invoke.DirectMethodHandle$Holder.invokeInterface(java.lang.Object, java.lang.Object, java.lang.Object)'> (0x0000000085df9a90) thrown at [./src/hotspot/share/interpreter/linkResolver.cpp, line 773]
Event: 8.913 Thread 0x000001ab93b3a000 Exception <a 'java/lang/IncompatibleClassChangeError'{0x0000000085dfcf68}: Found class java.lang.Object, but interface was expected> (0x0000000085dfcf68) thrown at [./src/hotspot/share/interpreter/linkResolver.cpp, line 839]
Event: 9.105 Thread 0x000001ab93b3a000 Exception <a 'java/lang/NoSuchMethodError'{0x0000000085915ae0}: 'int java.lang.invoke.DirectMethodHandle$Holder.invokeVirtual(java.lang.Object, java.lang.Object, java.lang.Object)'> (0x0000000085915ae0) thrown at [./src/hotspot/share/interpreter/linkResolver.cpp, line 773]
Event: 9.614 Thread 0x000001ab93b3a000 Exception <a 'java/lang/NoSuchMethodError'{0x000000008a91b6b8}: 'java.lang.Object java.lang.invoke.Invokers$Holder.linkToTargetMethod(java.lang.Object, java.lang.Object, java.lang.Object, int, java.lang.Object)'> (0x000000008a91b6b8) thrown at [./src/hotspot/share/interpreter/linkResolver.cpp, line 773]
Event: 9.769 Thread 0x000001ab93b3a000 Exception <a 'java/lang/NoSuchMethodError'{0x000000008a8f1888}: 'void java.lang.invoke.DirectMethodHandle$Holder.invokeInterface(java.lang.Object, java.lang.Object)'> (0x000000008a8f1888) thrown at [./src/hotspot/share/interpreter/linkResolver.cpp, line 773]
Event: 10.067 Thread 0x000001ab93b3a000 Exception <a 'java/lang/IncompatibleClassChangeError'{0x000000008a6e2038}: Found class java.lang.Object, but interface was expected> (0x000000008a6e2038) thrown at [./src/hotspot/share/interpreter/linkResolver.cpp, line 839]
Event: 11.488 Thread 0x000001ab93b3a000 Exception <a 'java/lang/NoSuchMethodError'{0x0000000089365710}: 'java.lang.Object java.lang.invoke.Invokers$Holder.linkToTargetMethod(java.lang.Object, java.lang.Object, java.lang.Object, int, int, java.lang.Object)'> (0x0000000089365710) thrown at [./src/hotspot/share/interpreter/linkResolver.cpp, line 773]
Event: 12.080 Thread 0x000001ab93b3a000 Exception <a 'java/lang/NoSuchMethodError'{0x0000000088cf32d8}: 'int java.lang.invoke.DirectMethodHandle$Holder.invokeStaticInit(java.lang.Object, int)'> (0x0000000088cf32d8) thrown at [./src/hotspot/share/interpreter/linkResolver.cpp, line 773]
Event: 12.520 Thread 0x000001ab93b3a000 Implicit null exception at 0x000001ab9f144375 to 0x000001ab9f14453c
Event: 13.175 Thread 0x000001ab93b3a000 Exception <a 'java/lang/NoSuchMethodError'{0x0000000086e86538}: 'int java.lang.invoke.DirectMethodHandle$Holder.invokeStaticInit(java.lang.Object, java.lang.Object, java.lang.Object, java.lang.Object)'> (0x0000000086e86538) thrown at [./src/hotspot/share/interpreter/linkResolver.cpp, line 773]
Event: 14.588 Thread 0x000001ab93b3a000 Implicit null exception at 0x000001ab9f1509f4 to 0x000001ab9f150c0c

Events (20 events):
Event: 14.731 loading class org/jetbrains/kotlin/backend/jvm/lower/SingletonReferencesLowering done
Event: 14.733 loading class org/jetbrains/kotlin/backend/jvm/lower/JvmSingleAbstractMethodLowering
Event: 14.733 loading class org/jetbrains/kotlin/backend/jvm/lower/JvmSingleAbstractMethodLowering done
Event: 14.734 loading class org/jetbrains/kotlin/backend/common/lower/SingleAbstractMethodLowering
Event: 14.734 loading class org/jetbrains/kotlin/backend/common/lower/SingleAbstractMethodLowering done
Event: 14.738 loading class org/jetbrains/kotlin/backend/jvm/lower/AssertionLowering
Event: 14.738 loading class org/jetbrains/kotlin/backend/jvm/lower/AssertionLowering done
Event: 14.743 loading class org/jetbrains/kotlin/backend/common/lower/ReturnableBlockLowering
Event: 14.743 loading class org/jetbrains/kotlin/backend/common/lower/ReturnableBlockLowering done
Event: 14.743 loading class org/jetbrains/kotlin/backend/common/lower/ReturnableBlockTransformer
Event: 14.743 loading class org/jetbrains/kotlin/backend/common/lower/ReturnableBlockTransformer done
Event: 14.744 loading class org/jetbrains/kotlin/ir/expressions/IrReturnableBlock
Event: 14.744 loading class org/jetbrains/kotlin/ir/expressions/IrReturnableBlock done
Event: 14.745 loading class org/jetbrains/kotlin/backend/common/lower/SharedVariablesLowering
Event: 14.745 loading class org/jetbrains/kotlin/backend/common/lower/SharedVariablesLowering done
Event: 14.746 loading class org/jetbrains/kotlin/backend/common/lower/SharedVariablesLowering$SharedVariablesTransformer
Event: 14.746 loading class org/jetbrains/kotlin/backend/common/lower/SharedVariablesLowering$SharedVariablesTransformer done
Event: 14.746 loading class org/jetbrains/kotlin/backend/common/lower/SharedVariablesLowering$SharedVariablesTransformer$collectSharedVariables$1
Event: 14.746 loading class org/jetbrains/kotlin/backend/common/lower/SharedVariablesLowering$SharedVariablesTransformer$collectSharedVariables$1 done
Event: 14.748 Executing VM operation: G1CollectForAllocation


Dynamic libraries:
0x00007ff7d3550000 - 0x00007ff7d355a000 	C:\Program Files\Android\Android Studio\jre\bin\java.exe
0x00007fff45790000 - 0x00007fff45985000 	C:\WINDOWS\SYSTEM32\ntdll.dll
0x00007fff438e0000 - 0x00007fff4399e000 	C:\WINDOWS\System32\KERNEL32.DLL
0x00007fff43430000 - 0x00007fff436f8000 	C:\WINDOWS\System32\KERNELBASE.dll
0x00007fff42f30000 - 0x00007fff43030000 	C:\WINDOWS\System32\ucrtbase.dll
0x00007fff2e360000 - 0x00007fff2e377000 	C:\Program Files\Android\Android Studio\jre\bin\VCRUNTIME140.dll
0x00007fff34080000 - 0x00007fff34099000 	C:\Program Files\Android\Android Studio\jre\bin\jli.dll
0x00007fff2caa0000 - 0x00007fff2cd3a000 	C:\WINDOWS\WinSxS\amd64_microsoft.windows.common-controls_6595b64144ccf1df_6.0.19041.1110_none_60b5254171f9507e\COMCTL32.dll
0x00007fff44190000 - 0x00007fff44330000 	C:\WINDOWS\System32\USER32.dll
0x00007fff432a0000 - 0x00007fff432c2000 	C:\WINDOWS\System32\win32u.dll
0x00007fff44a80000 - 0x00007fff44aab000 	C:\WINDOWS\System32\GDI32.dll
0x00007fff43190000 - 0x00007fff4329d000 	C:\WINDOWS\System32\gdi32full.dll
0x00007fff43080000 - 0x00007fff4311d000 	C:\WINDOWS\System32\msvcp_win.dll
0x00007fff453c0000 - 0x00007fff4545e000 	C:\WINDOWS\System32\msvcrt.dll
0x00007fff45570000 - 0x00007fff455a0000 	C:\WINDOWS\System32\IMM32.DLL
0x00007fff18860000 - 0x00007fff188fd000 	C:\Program Files\Android\Android Studio\jre\bin\msvcp140.dll
0x00007fff0bc90000 - 0x00007fff0c75f000 	C:\Program Files\Android\Android Studio\jre\bin\server\jvm.dll
0x00007fff45460000 - 0x00007fff4550e000 	C:\WINDOWS\System32\ADVAPI32.dll
0x00007fff437e0000 - 0x00007fff4387c000 	C:\WINDOWS\System32\sechost.dll
0x00007fff455a0000 - 0x00007fff456c5000 	C:\WINDOWS\System32\RPCRT4.dll
0x00007fff45080000 - 0x00007fff45088000 	C:\WINDOWS\System32\PSAPI.DLL
0x00007fff3ea20000 - 0x00007fff3ea29000 	C:\WINDOWS\SYSTEM32\WSOCK32.dll
0x00007fff2d740000 - 0x00007fff2d767000 	C:\WINDOWS\SYSTEM32\WINMM.dll
0x00007fff3aa50000 - 0x00007fff3aa5a000 	C:\WINDOWS\SYSTEM32\VERSION.dll
0x00007fff44e10000 - 0x00007fff44e7b000 	C:\WINDOWS\System32\WS2_32.dll
0x00007fff40d50000 - 0x00007fff40d62000 	C:\WINDOWS\SYSTEM32\kernel.appcore.dll
0x00007fff3daa0000 - 0x00007fff3dab1000 	C:\Program Files\Android\Android Studio\jre\bin\verify.dll
0x00007fff2d280000 - 0x00007fff2d464000 	C:\WINDOWS\SYSTEM32\DBGHELP.DLL
0x00007fff3cf90000 - 0x00007fff3cfbc000 	C:\WINDOWS\SYSTEM32\dbgcore.DLL
0x00007fff42ea0000 - 0x00007fff42f22000 	C:\WINDOWS\System32\bcryptPrimitives.dll
0x00007fff33f50000 - 0x00007fff33f79000 	C:\Program Files\Android\Android Studio\jre\bin\java.dll
0x00007fff3db00000 - 0x00007fff3db0b000 	C:\Program Files\Android\Android Studio\jre\bin\jimage.dll
0x00007fff3c0a0000 - 0x00007fff3c0b8000 	C:\Program Files\Android\Android Studio\jre\bin\zip.dll
0x00007fff44330000 - 0x00007fff44a74000 	C:\WINDOWS\System32\SHELL32.dll
0x00007fff40f50000 - 0x00007fff416e4000 	C:\WINDOWS\SYSTEM32\windows.storage.dll
0x00007fff44ab0000 - 0x00007fff44e05000 	C:\WINDOWS\System32\combase.dll
0x00007fff42740000 - 0x00007fff4276e000 	C:\WINDOWS\SYSTEM32\Wldp.dll
0x00007fff440e0000 - 0x00007fff4418d000 	C:\WINDOWS\System32\SHCORE.dll
0x00007fff45510000 - 0x00007fff45565000 	C:\WINDOWS\System32\shlwapi.dll
0x00007fff42de0000 - 0x00007fff42dff000 	C:\WINDOWS\SYSTEM32\profapi.dll
0x00007fff31fa0000 - 0x00007fff31fba000 	C:\Program Files\Android\Android Studio\jre\bin\net.dll
0x00007fff3c350000 - 0x00007fff3c45c000 	C:\WINDOWS\SYSTEM32\WINHTTP.dll
0x00007fff42520000 - 0x00007fff4258a000 	C:\WINDOWS\system32\mswsock.dll
0x00007fff31960000 - 0x00007fff31974000 	C:\Program Files\Android\Android Studio\jre\bin\nio.dll

dbghelp: loaded successfully - version: 4.0.5 - missing functions: none
symbol engine: initialized successfully - sym options: 0x614 - pdb path: .;C:\Program Files\Android\Android Studio\jre\bin;C:\WINDOWS\SYSTEM32;C:\WINDOWS\WinSxS\amd64_microsoft.windows.common-controls_6595b64144ccf1df_6.0.19041.1110_none_60b5254171f9507e;C:\Program Files\Android\Android Studio\jre\bin\server

VM Arguments:
java_command: org.jetbrains.kotlin.cli.jvm.K2JVMCompiler @C:\PrGit\PureHeartProject\app\build\20220217_6350806331527111997.compiler.options
java_class_path (initial): C:\Users\Alexsandr\.gradle\caches\modules-2\files-2.1\org.jetbrains.kotlin\kotlin-compiler-embeddable\1.6.0\aa8da3bedc53c89219b84a0b40c7419431a13e76\kotlin-compiler-embeddable-1.6.0.jar;C:\Users\Alexsandr\.gradle\caches\modules-2\files-2.1\org.jetbrains.kotlin\kotlin-reflect\1.6.0\a215a7f914d5916dc5fd2d45cea16524e0220203\kotlin-reflect-1.6.0.jar;C:\Users\Alexsandr\.gradle\caches\modules-2\files-2.1\org.jetbrains.kotlin\kotlin-stdlib\1.6.0\a40b8b22529b733892edf4b73468ce598bb17f04\kotlin-stdlib-1.6.0.jar;C:\Users\Alexsandr\.gradle\caches\modules-2\files-2.1\org.jetbrains.kotlin\kotlin-script-runtime\1.6.0\55f72526ddcff6fc77d72cdf949c7e3d9bd95620\kotlin-script-runtime-1.6.0.jar;C:\Users\Alexsandr\.gradle\caches\modules-2\files-2.1\org.jetbrains.kotlin\kotlin-daemon-embeddable\1.6.0\d6242b37f4ce6b637d10847c7558446272ec8432\kotlin-daemon-embeddable-1.6.0.jar;C:\Users\Alexsandr\.gradle\caches\modules-2\files-2.1\org.jetbrains.intellij.deps\trove4j\1.0.20181211\216c2e14b070f334479d800987affe4054cd563f\trove4j-1.0.20181211.jar;C:\Users\Alexsandr\.gradle\caches\modules-2\files-2.1\net.java.dev.jna\jna\5.6.0\330f2244e9030119ab3030fc3fededc86713d9cc\jna-5.6.0.jar;C:\Users\Alexsandr\.gradle\caches\modules-2\files-2.1\org.jetbrains\annotations\13.0\919f0dfe192fb4e063e7dacadee7f8bb9a2672a9\annotations-13.0.jar;C:\Users\Alexsandr\.gradle\caches\modules-2\files-2.1\org.jetbrains.kotlin\kotlin-stdlib-common\1.6.0\7857e365f925cfa060f941c1357cda1f8790502c\kotlin-stdlib-common-1.6.0.jar
Launcher Type: SUN_STANDARD

[Global flags]
     intx CICompilerCount                          = 3                                         {product} {ergonomic}
     uint ConcGCThreads                            = 1                                         {product} {ergonomic}
     uint G1ConcRefinementThreads                  = 4                                         {product} {ergonomic}
   size_t G1HeapRegionSize                         = 1048576                                   {product} {ergonomic}
    uintx GCDrainStackTargetSize                   = 64                                        {product} {ergonomic}
   size_t InitialHeapSize                          = 134217728                                 {product} {ergonomic}
   size_t MarkStackSize                            = 4194304                                   {product} {ergonomic}
   size_t MaxHeapSize                              = 2128609280                                {product} {ergonomic}
   size_t MaxNewSize                               = 1277165568                                {product} {ergonomic}
   size_t MinHeapDeltaBytes                        = 1048576                                   {product} {ergonomic}
    uintx NonNMethodCodeHeapSize                   = 5830732                                {pd product} {ergonomic}
    uintx NonProfiledCodeHeapSize                  = 122913754                              {pd product} {ergonomic}
    uintx ProfiledCodeHeapSize                     = 122913754                              {pd product} {ergonomic}
    uintx ReservedCodeCacheSize                    = 251658240                              {pd product} {ergonomic}
     bool SegmentedCodeCache                       = true                                      {product} {ergonomic}
     bool UseCompressedClassPointers               = true                                 {lp64_product} {ergonomic}
     bool UseCompressedOops                        = true                                 {lp64_product} {ergonomic}
     bool UseG1GC                                  = true                                      {product} {ergonomic}
     bool UseLargePagesIndividualAllocation        = false                                  {pd product} {ergonomic}

Logging:
Log output configuration:
 #0: stdout all=warning uptime,level,tags
 #1: stderr all=off uptime,level,tags

Environment Variables:
PATH=C:\Program Files (x86)\Common Files\Oracle\Java\javapath;C:\WINDOWS\system32;C:\WINDOWS;C:\WINDOWS\System32\Wbem;C:\WINDOWS\System32\WindowsPowerShell\v1.0\;C:\WINDOWS\System32\OpenSSH\;C:\Program Files (x86)\Windows Live\Shared;C:\Program Files\Git\cmd;C:\Program Files\dotnet\;C:\Program Files\Microsoft SQL Server\130\Tools\Binn\;C:\Program Files\Microsoft SQL Server\Client SDK\ODBC\170\Tools\Binn\;C:\Program Files (x86)\dotnet\;C:\Program Files\NVIDIA Corporation\NVIDIA NvDLISR;C:\Program Files (x86)\NVIDIA Corporation\PhysX\Common;C:\Users\Alexsandr\AppData\Local\Microsoft\WindowsApps;;C:\Users\Alexsandr\AppData\Local\Programs\Microsoft VS Code\bin
USERNAME=Alexsandr
OS=Windows_NT
PROCESSOR_IDENTIFIER=Intel64 Family 6 Model 60 Stepping 3, GenuineIntel



---------------  S Y S T E M  ---------------

OS: Windows 10 , 64 bit Build 19041 (10.0.19041.1503)
OS uptime: 0 days 2:53 hours
Hyper-V role detected

CPU:total 4 (initial active 4) (2 cores per cpu, 2 threads per core) family 6 model 60 stepping 3 microcode 0x27, cmov, cx8, fxsr, mmx, sse, sse2, sse3, ssse3, sse4.1, sse4.2, popcnt, avx, avx2, aes, clmul, erms, lzcnt, ht, tsc, tscinvbit, bmi1, bmi2, fma

Memory: 4k page, system-wide physical 8114M (246M free)
TotalPageFile size 10024M (AvailPageFile size 34M)
current process WorkingSet (physical memory assigned to process): 338M, peak: 338M
current process commit charge ("private bytes"): 375M, peak: 415M

vm_info: OpenJDK 64-Bit Server VM (11.0.10+0-b96-7249189) for windows-amd64 JRE (11.0.10+0-b96-7249189), built on Mar 31 2021 21:44:00 by "builder" with MS VC++ 14.0 (VS2015)

END.
